#
# A fatal error has been detected by the Java Runtime Environment:
#
#  EXCEPTION_ACCESS_VIOLATION (0xc0000005) at pc=0x00007ff96b916777, pid=2236, tid=2968
#
# JRE version: OpenJDK Runtime Environment Temurin-21.0.9+10 (21.0.9+10) (build 21.0.9+10-LTS)
# Java VM: OpenJDK 64-Bit Server VM Temurin-21.0.9+10 (21.0.9+10-LTS, mixed mode, sharing, tiered, compressed oops, compressed class ptrs, parallel gc, windows-amd64)
# Problematic frame:
# V  [jvm.dll+0x1e6777]
#
# No core dump will be written. Minidumps are not enabled by default on client versions of Windows
#
# If you would like to submit a bug report, please visit:
#   https://github.com/adoptium/adoptium-support/issues
#

---------------  S U M M A R Y ------------

Command Line: --add-modules=ALL-SYSTEM --add-opens=java.base/java.util=ALL-UNNAMED --add-opens=java.base/java.lang=ALL-UNNAMED --add-opens=java.base/sun.nio.fs=ALL-UNNAMED -Declipse.application=org.eclipse.jdt.ls.core.id1 -Dosgi.bundles.defaultStartLevel=4 -Declipse.product=org.eclipse.jdt.ls.core.product -Djava.import.generatesMetadataFilesAtProjectRoot=false -DDetectVMInstallationsJob.disabled=true -Dfile.encoding=utf8 -XX:+UseParallelGC -XX:GCTimeRatio=4 -XX:AdaptiveSizePolicyWeight=90 -Dsun.zip.disableMemoryMapping=true -Xmx2G -Xms100m -Xlog:disable -javaagent:c:\Users\Naufal\.vscode\extensions\redhat.java-1.50.0-win32-x64\lombok\lombok-1.18.39-4050.jar -XX:+HeapDumpOnOutOfMemoryError -XX:HeapDumpPath=c:\Users\Naufal\AppData\Roaming\Code\User\workspaceStorage\c5267e938d33b4d800b9af154a92ace5\redhat.java -Daether.dependencyCollector.impl=bf c:\Users\Naufal\.vscode\extensions\redhat.java-1.50.0-win32-x64\server\plugins\org.eclipse.equinox.launcher_1.7.100.v20251111-0406.jar -configuration c:\Users\Naufal\AppData\Roaming\Code\User\globalStorage\redhat.java\1.50.0\config_win -data c:\Users\Naufal\AppData\Roaming\Code\User\workspaceStorage\c5267e938d33b4d800b9af154a92ace5\redhat.java\jdt_ws --pipe=\\.\pipe\lsp-621ae2ee0ac1ce7948ef3ac948c98014-sock

Host: 11th Gen Intel(R) Core(TM) i5-1135G7 @ 2.40GHz, 8 cores, 15G,  Windows 11 , 64 bit Build 22621 (10.0.22621.5415)
Time: Thu Nov 27 13:22:24 2025 SE Asia Standard Time elapsed time: 7.662056 seconds (0d 0h 0m 7s)

---------------  T H R E A D  ---------------

Current thread (0x000001e799e48740):  JavaThread "C2 CompilerThread2" daemon [_thread_in_native, id=2968, stack(0x0000000a37100000,0x0000000a37200000) (1024K)]


Current CompileTask:
C2:7662 6548   !   4       java.util.concurrent.ConcurrentHashMap::putVal (432 bytes)

Stack: [0x0000000a37100000,0x0000000a37200000],  sp=0x0000000a371fcd20,  free space=1011k
Native frames: (J=compiled Java code, j=interpreted, Vv=VM code, C=native code)
V  [jvm.dll+0x1e6777]
V  [jvm.dll+0x3be6fb]
V  [jvm.dll+0x3bd847]
V  [jvm.dll+0x1e3d8e]
V  [jvm.dll+0x24c0f3]
V  [jvm.dll+0x24b580]
V  [jvm.dll+0x1cb13e]
V  [jvm.dll+0x25b29d]
V  [jvm.dll+0x25982a]
V  [jvm.dll+0x3f7ea6]
V  [jvm.dll+0x85e9ad]
V  [jvm.dll+0x6d565d]
C  [ucrtbase.dll+0x29333]
C  [KERNEL32.DLL+0x1259d]
C  [ntdll.dll+0x5af78]


siginfo: EXCEPTION_ACCESS_VIOLATION (0xc0000005), reading address 0x00007ff9e63d55a8


Registers:
RAX=0x00007ff96c3d5590, RBX=0x000001e79a3f9db0, RCX=0x000000000000000b, RDX=0x0000000000000800
RSP=0x0000000a371fcd20, RBP=0x0000000a371fd0a0, RSI=0x0000000000000295, RDI=0x0000000000000003
R8 =0x00007ff9e63d5590, R9 =0x0000000000000000, R10=0x0000000000400000, R11=0x0000000000000000
R12=0x000000000000000c, R13=0x000001e799783858, R14=0x0000000a371fd440, R15=0x0000000000000000
RIP=0x00007ff96b916777, EFLAGS=0x0000000000010206

XMM[0]=0x0000000000000000 0x0000000000000000
XMM[1]=0x0000000000000000 0x3e63b5fe15e62247
XMM[2]=0x0000000000000000 0x0000000000000000
XMM[3]=0x0000000000000000 0x0000000000000000
XMM[4]=0x0000000000000000 0x0000000000000000
XMM[5]=0x0000000000000000 0x0000000000000000
XMM[6]=0x0000000000000000 0x3e88a37d9b5faad9
XMM[7]=0x0000000000000000 0x0000000000000000
XMM[8]=0x0000000000000000 0x0000000000000000
XMM[9]=0x0000000000000000 0x0000000000000000
XMM[10]=0x0000000000000000 0x0000000000000000
XMM[11]=0x0000000000000000 0x0000000000000000
XMM[12]=0x0000000000000000 0x0000000000000000
XMM[13]=0x0000000000000000 0x0000000000000000
XMM[14]=0x0000000000000000 0x0000000000000000
XMM[15]=0x0000000000000000 0x0000000000000000
  MXCSR=0x00001fa0


Register to memory mapping:

RAX=0x00007ff96c3d5590 jvm.dll
RBX=0x000001e79a3f9db0 points into unknown readable memory: 0x0000000000000000 | 00 00 00 00 00 00 00 00
RCX=0x000000000000000b is an unknown value
RDX=0x0000000000000800 is an unknown value
RSP=0x0000000a371fcd20 is pointing into the stack for thread: 0x000001e799e48740
RBP=0x0000000a371fd0a0 is pointing into the stack for thread: 0x000001e799e48740
RSI=0x0000000000000295 is an unknown value
RDI=0x0000000000000003 is an unknown value
R8 =0x00007ff9e63d5590 is an unknown value
R9 =0x0 is null
R10=0x0000000000400000 is an unknown value
R11=0x0 is null
R12=0x000000000000000c is an unknown value
R13=0x000001e799783858 points into unknown readable memory: 0x00007ff96c127ae0 | e0 7a 12 6c f9 7f 00 00
R14=0x0000000a371fd440 is pointing into the stack for thread: 0x000001e799e48740
R15=0x0 is null

Top of Stack: (sp=0x0000000a371fcd20)
0x0000000a371fcd20:   0000000000000000 0000000000000000
0x0000000a371fcd30:   ffffffff3f3fffff ffffffffffffffff
0x0000000a371fcd40:   000001e79aae9c60 00007ff96baee6fb
0x0000000a371fcd50:   000001e79aafd740 000001e79aafd740
0x0000000a371fcd60:   ffffffffffffffff ffffffffffffffff
0x0000000a371fcd70:   0000000000000000 00000004000000cb
0x0000000a371fcd80:   0000000300000001 000001e79b2d0d40
0x0000000a371fcd90:   0000000a371fce90 0000000a371fce80
0x0000000a371fcda0:   000001e79c1977a0 0000000000000000
0x0000000a371fcdb0:   0000000000000006 00007ff96baed847
0x0000000a371fcdc0:   000001e79aafd740 0000000a371fcec0
0x0000000a371fcdd0:   0000000a371fd440 0000000000000000
0x0000000a371fcde0:   0000000a371fcdf8 00007ff900000006
0x0000000a371fcdf0:   0000000b00000005 0000000a00000000
0x0000000a371fce00:   0000001c00000040 00007ff900000000
0x0000000a371fce10:   0000000c00000002 0000000d0000000c
0x0000000a371fce20:   000001e700000000 0000008f00000295
0x0000000a371fce30:   00007ff900000000 0000000000000030
0x0000000a371fce40:   0000000000000000 0000000100000110
0x0000000a371fce50:   0000000200000002 000001e79b2d0d40
0x0000000a371fce60:   0000000a371fce90 0000000a371fce80
0x0000000a371fce70:   0000000000200000 0000000000000000
0x0000000a371fce80:   0000000300000006 0000000a371fce90
0x0000000a371fce90:   000001e79b2d0d40 000001e79b2d0d20
0x0000000a371fcea0:   000001e79b2d0d00 00007ff96c3d5590
0x0000000a371fceb0:   0000000000000000 00007ff96bd0ef1b
0x0000000a371fcec0:   0000000000000000 0000000a371fcf69
0x0000000a371fced0:   000001e7997452d8 0000000a371fcf69
0x0000000a371fcee0:   0000000a371fcf58 00007ff96bfa1eb0
0x0000000a371fcef0:   000001e700000008 000001e793599de0
0x0000000a371fcf00:   000001e799744060 000001e700000000
0x0000000a371fcf10:   000001e700000004 000001e79822abb0 

Instructions: (pc=0x00007ff96b916777)
0x00007ff96b916677:   00 00 c7 43 30 2f 75 00 00 ff c7 c7 43 34 00 00
0x00007ff96b916687:   00 00 3b bd e0 00 00 00 0f 82 7b ff ff ff 0f 28
0x00007ff96b916697:   74 24 40 48 83 c4 58 41 5f 41 5e 41 5d 41 5c 5f
0x00007ff96b9166a7:   5e 5d 5b c3 ba f8 03 00 00 48 8d 0d f1 5c 82 00
0x00007ff96b9166b7:   e8 b4 d5 09 00 cc 0f 1f 00 94 62 1e 00 ab 66 1e
0x00007ff96b9166c7:   00 94 62 1e 00 94 62 1e 00 2b 62 1e 00 94 62 1e
0x00007ff96b9166d7:   00 66 62 1e 00 66 62 1e 00 cc 62 1e 00 94 62 1e
0x00007ff96b9166e7:   00 b1 62 1e 00 cc 62 1e 00 e7 62 1e 00 02 63 1e
0x00007ff96b9166f7:   00 b1 62 1e 00 94 62 1e 00 48 8b 41 58 48 8d 0d
0x00007ff96b916707:   19 2b a6 00 48 63 40 10 48 c1 e0 05 8b 04 08 c3
0x00007ff96b916717:   cc cc cc cc cc cc cc cc cc 40 53 48 83 ec 20 48
0x00007ff96b916727:   8b d9 85 d2 75 08 32 c0 48 83 c4 20 5b c3 48 8b
0x00007ff96b916737:   43 08 8b ca 48 c1 e9 08 48 89 7c 24 30 8b fa 4c
0x00007ff96b916747:   8b 04 c8 48 8d 05 3f ee ab 00 4c 3b c0 75 0b 48
0x00007ff96b916757:   8b cb e8 92 ce 1d 00 4c 8b c0 40 0f b6 cf ba 01
0x00007ff96b916767:   00 00 00 48 c1 ef 06 80 e1 3f 83 e7 03 48 d3 e2
0x00007ff96b916777:   49 8b 0c f8 48 8b c1 48 0b c2 49 89 04 f8 48 8b
0x00007ff96b916787:   7c 24 30 48 23 ca 75 02 ff 03 48 85 c9 0f 94 c0
0x00007ff96b916797:   48 83 c4 20 5b c3 cc cc cc 44 8b d2 41 3b d0 7c
0x00007ff96b9167a7:   49 41 8d 80 c0 02 00 00 3b d0 7d 3e 44 8b ca 45
0x00007ff96b9167b7:   2b c8 41 8b c1 83 e0 3f 0f b6 d0 41 8b c1 48 c1
0x00007ff96b9167c7:   e8 06 48 8b 44 c1 38 48 0f a3 d0 73 1d 0f b7 81
0x00007ff96b9167d7:   9c 00 00 00 83 f8 01 74 0e 8d 48 ff 8b c1 41 23
0x00007ff96b9167e7:   c2 3b c1 0f 94 c0 c3 b0 01 c3 32 c0 c3 cc cc cc
0x00007ff96b9167f7:   cc cc cc cc cc cc cc cc cc 40 55 41 55 41 57 48
0x00007ff96b916807:   83 ec 30 48 8b 41 48 33 ed 45 33 ff 4c 8b e9 39
0x00007ff96b916817:   68 40 0f 86 c9 00 00 00 48 89 5c 24 50 48 89 74
0x00007ff96b916827:   24 58 48 89 7c 24 60 4c 89 64 24 28 4c 89 74 24
0x00007ff96b916837:   20 0f 1f 84 00 00 00 00 00 48 8b 40 30 33 f6 4a
0x00007ff96b916847:   8b 3c f8 44 8b 67 28 45 85 e4 74 6b 45 33 f6 3b
0x00007ff96b916857:   77 18 73 0a 48 8b 47 20 49 8b 1c 06 eb 02 33 db
0x00007ff96b916867:   48 8b 03 48 8b cb ff 90 80 00 00 00 45 33 c0 44 


Stack slot to memory mapping:

stack at sp + 0 slots: 0x0 is null
stack at sp + 1 slots: 0x0 is null
stack at sp + 2 slots: 0xffffffff3f3fffff is an unknown value
stack at sp + 3 slots: 0xffffffffffffffff is an unknown value
stack at sp + 4 slots: 0x000001e79aae9c60 points into unknown readable memory: 0x3fd9d8d250520932 | 32 09 52 50 d2 d8 d9 3f
stack at sp + 5 slots: 0x00007ff96baee6fb jvm.dll
stack at sp + 6 slots: 0x000001e79aafd740 points into unknown readable memory: 0x3e63b5fe15e62247 | 47 22 e6 15 fe b5 63 3e
stack at sp + 7 slots: 0x000001e79aafd740 points into unknown readable memory: 0x3e63b5fe15e62247 | 47 22 e6 15 fe b5 63 3e


---------------  P R O C E S S  ---------------

Threads class SMR info:
_java_thread_list=0x000001e79c360eb0, length=46, elements={
0x000001e739fb1370, 0x000001e73a06c290, 0x000001e73a06daf0, 0x000001e739f26180,
0x000001e739f27090, 0x000001e739f2a930, 0x000001e739f308e0, 0x000001e739f34d70,
0x000001e739f36330, 0x000001e793416fe0, 0x000001e793571290, 0x000001e793d3d5b0,
0x000001e798002090, 0x000001e79803d180, 0x000001e7980b4bf0, 0x000001e79819fbd0,
0x000001e7983f2620, 0x000001e7988350c0, 0x000001e7988343a0, 0x000001e798835750,
0x000001e798833680, 0x000001e799e480a0, 0x000001e799e48740, 0x000001e798832ff0,
0x000001e798835de0, 0x000001e798833d10, 0x000001e798832960, 0x000001e79ab3d430,
0x000001e79ab3e7e0, 0x000001e79ab3b9f0, 0x000001e79ab3e150, 0x000001e79ab3ee70,
0x000001e79ab3c080, 0x000001e79ab3c710, 0x000001e79ab3dac0, 0x000001e79ab3cda0,
0x000001e79bfbaab0, 0x000001e79bfb7cc0, 0x000001e79bfb8350, 0x000001e79bfba420,
0x000001e79bfb9070, 0x000001e79bfb6280, 0x000001e79bfb89e0, 0x000001e79bfb9d90,
0x000001e79bfbb140, 0x000001e79bfbbe60
}

Java Threads: ( => current thread )
  0x000001e739fb1370 JavaThread "main"                              [_thread_blocked, id=2188, stack(0x0000000a35100000,0x0000000a35200000) (1024K)]
  0x000001e73a06c290 JavaThread "Reference Handler"          daemon [_thread_blocked, id=15500, stack(0x0000000a35500000,0x0000000a35600000) (1024K)]
  0x000001e73a06daf0 JavaThread "Finalizer"                  daemon [_thread_blocked, id=16780, stack(0x0000000a35600000,0x0000000a35700000) (1024K)]
  0x000001e739f26180 JavaThread "Signal Dispatcher"          daemon [_thread_blocked, id=13056, stack(0x0000000a35700000,0x0000000a35800000) (1024K)]
  0x000001e739f27090 JavaThread "Attach Listener"            daemon [_thread_blocked, id=2780, stack(0x0000000a35800000,0x0000000a35900000) (1024K)]
  0x000001e739f2a930 JavaThread "Service Thread"             daemon [_thread_blocked, id=10080, stack(0x0000000a35900000,0x0000000a35a00000) (1024K)]
  0x000001e739f308e0 JavaThread "Monitor Deflation Thread"   daemon [_thread_blocked, id=10072, stack(0x0000000a35a00000,0x0000000a35b00000) (1024K)]
  0x000001e739f34d70 JavaThread "C2 CompilerThread0"         daemon [_thread_in_native, id=17336, stack(0x0000000a35b00000,0x0000000a35c00000) (1024K)]
  0x000001e739f36330 JavaThread "C1 CompilerThread0"         daemon [_thread_blocked, id=17332, stack(0x0000000a35c00000,0x0000000a35d00000) (1024K)]
  0x000001e793416fe0 JavaThread "Common-Cleaner"             daemon [_thread_blocked, id=16592, stack(0x0000000a35d00000,0x0000000a35e00000) (1024K)]
  0x000001e793571290 JavaThread "Notification Thread"        daemon [_thread_blocked, id=15012, stack(0x0000000a35f00000,0x0000000a36000000) (1024K)]
  0x000001e793d3d5b0 JavaThread "Active Thread: Equinox Container: fcc92683-b0e4-49e2-aba4-47acfb1e47ab"        [_thread_blocked, id=14568, stack(0x0000000a36700000,0x0000000a36800000) (1024K)]
  0x000001e798002090 JavaThread "Refresh Thread: Equinox Container: fcc92683-b0e4-49e2-aba4-47acfb1e47ab" daemon [_thread_blocked, id=15496, stack(0x0000000a36800000,0x0000000a36900000) (1024K)]
  0x000001e79803d180 JavaThread "Framework Event Dispatcher: Equinox Container: fcc92683-b0e4-49e2-aba4-47acfb1e47ab" daemon [_thread_blocked, id=4568, stack(0x0000000a36a00000,0x0000000a36b00000) (1024K)]
  0x000001e7980b4bf0 JavaThread "Start Level: Equinox Container: fcc92683-b0e4-49e2-aba4-47acfb1e47ab" daemon [_thread_blocked, id=14920, stack(0x0000000a36b00000,0x0000000a36c00000) (1024K)]
  0x000001e79819fbd0 JavaThread "Bundle File Closer"         daemon [_thread_blocked, id=11120, stack(0x0000000a36c00000,0x0000000a36d00000) (1024K)]
  0x000001e7983f2620 JavaThread "SCR Component Actor"        daemon [_thread_blocked, id=15620, stack(0x0000000a36d00000,0x0000000a36e00000) (1024K)]
  0x000001e7988350c0 JavaThread "Worker-JM"                         [_thread_blocked, id=15980, stack(0x0000000a36e00000,0x0000000a36f00000) (1024K)]
  0x000001e7988343a0 JavaThread "JNA Cleaner"                daemon [_thread_blocked, id=10684, stack(0x0000000a36000000,0x0000000a36100000) (1024K)]
  0x000001e798835750 JavaThread "Worker-0"                          [_thread_blocked, id=12128, stack(0x0000000a36f00000,0x0000000a37000000) (1024K)]
  0x000001e798833680 JavaThread "Worker-1"                          [_thread_blocked, id=11908, stack(0x0000000a37000000,0x0000000a37100000) (1024K)]
  0x000001e799e480a0 JavaThread "C2 CompilerThread1"         daemon [_thread_in_native, id=15248, stack(0x0000000a35e00000,0x0000000a35f00000) (1024K)]
=>0x000001e799e48740 JavaThread "C2 CompilerThread2"         daemon [_thread_in_native, id=2968, stack(0x0000000a37100000,0x0000000a37200000) (1024K)]
  0x000001e798832ff0 JavaThread "Java indexing"              daemon [_thread_blocked, id=14800, stack(0x0000000a37200000,0x0000000a37300000) (1024K)]
  0x000001e798835de0 JavaThread "Worker-2"                          [_thread_blocked, id=14456, stack(0x0000000a37300000,0x0000000a37400000) (1024K)]
  0x000001e798833d10 JavaThread "Worker-3: Initialize Workspace"        [_thread_in_Java, id=14388, stack(0x0000000a37400000,0x0000000a37500000) (1024K)]
  0x000001e798832960 JavaThread "Worker-4"                          [_thread_blocked, id=14376, stack(0x0000000a37700000,0x0000000a37800000) (1024K)]
  0x000001e79ab3d430 JavaThread "Worker-5: Synchronize Gradle projects with workspace"        [_thread_blocked, id=14480, stack(0x0000000a37800000,0x0000000a37900000) (1024K)]
  0x000001e79ab3e7e0 JavaThread "Thread-1"                   daemon [_thread_in_native, id=15928, stack(0x0000000a37900000,0x0000000a37a00000) (1024K)]
  0x000001e79ab3b9f0 JavaThread "Thread-2"                   daemon [_thread_in_native, id=8104, stack(0x0000000a37a00000,0x0000000a37b00000) (1024K)]
  0x000001e79ab3e150 JavaThread "Thread-3"                   daemon [_thread_in_native, id=14368, stack(0x0000000a37b00000,0x0000000a37c00000) (1024K)]
  0x000001e79ab3ee70 JavaThread "Thread-4"                   daemon [_thread_in_native, id=14440, stack(0x0000000a37c00000,0x0000000a37d00000) (1024K)]
  0x000001e79ab3c080 JavaThread "Thread-5"                   daemon [_thread_in_native, id=2072, stack(0x0000000a37d00000,0x0000000a37e00000) (1024K)]
  0x000001e79ab3c710 JavaThread "Thread-6"                   daemon [_thread_in_native, id=14540, stack(0x0000000a37e00000,0x0000000a37f00000) (1024K)]
  0x000001e79ab3dac0 JavaThread "Thread-7"                   daemon [_thread_in_native, id=14528, stack(0x0000000a37f00000,0x0000000a38000000) (1024K)]
  0x000001e79ab3cda0 JavaThread "Thread-8"                   daemon [_thread_in_native, id=14364, stack(0x0000000a38000000,0x0000000a38100000) (1024K)]
  0x000001e79bfbaab0 JavaThread "Thread-9"                   daemon [_thread_in_native, id=14792, stack(0x0000000a38100000,0x0000000a38200000) (1024K)]
  0x000001e79bfb7cc0 JavaThread "pool-2-thread-1"                   [_thread_blocked, id=14588, stack(0x0000000a38200000,0x0000000a38300000) (1024K)]
  0x000001e79bfb8350 JavaThread "Timer-0"                           [_thread_blocked, id=10640, stack(0x0000000a38300000,0x0000000a38400000) (1024K)]
  0x000001e79bfba420 JavaThread "Timer-1"                           [_thread_blocked, id=14436, stack(0x0000000a38400000,0x0000000a38500000) (1024K)]
  0x000001e79bfb9070 JavaThread "WorkspaceEventsHandler"            [_thread_blocked, id=14384, stack(0x0000000a38500000,0x0000000a38600000) (1024K)]
  0x000001e79bfb6280 JavaThread "pool-1-thread-1"                   [_thread_blocked, id=15168, stack(0x0000000a38600000,0x0000000a38700000) (1024K)]
  0x000001e79bfb89e0 JavaThread "Timer-2"                           [_thread_blocked, id=3792, stack(0x0000000a38800000,0x0000000a38900000) (1024K)]
  0x000001e79bfb9d90 JavaThread "Timer-3"                           [_thread_blocked, id=14272, stack(0x0000000a38700000,0x0000000a38800000) (1024K)]
  0x000001e79bfbb140 JavaThread "Timer-4"                           [_thread_blocked, id=7132, stack(0x0000000a38900000,0x0000000a38a00000) (1024K)]
  0x000001e79bfbbe60 JavaThread "Timer-5"                           [_thread_blocked, id=12760, stack(0x0000000a38a00000,0x0000000a38b00000) (1024K)]
Total: 46

Other Threads:
  0x000001e73a050b10 VMThread "VM Thread"                           [id=17324, stack(0x0000000a35400000,0x0000000a35500000) (1024K)]
  0x000001e73a01cc50 WatcherThread "VM Periodic Task Thread"        [id=11112, stack(0x0000000a35300000,0x0000000a35400000) (1024K)]
  0x000001e739fcf780 WorkerThread "GC Thread#0"                     [id=13184, stack(0x0000000a35200000,0x0000000a35300000) (1024K)]
  0x000001e793debc40 WorkerThread "GC Thread#1"                     [id=16764, stack(0x0000000a36100000,0x0000000a36200000) (1024K)]
  0x000001e793debfe0 WorkerThread "GC Thread#2"                     [id=2328, stack(0x0000000a36200000,0x0000000a36300000) (1024K)]
  0x000001e793dec380 WorkerThread "GC Thread#3"                     [id=2428, stack(0x0000000a36300000,0x0000000a36400000) (1024K)]
  0x000001e798069cc0 WorkerThread "GC Thread#4"                     [id=4620, stack(0x0000000a36400000,0x0000000a36500000) (1024K)]
  0x000001e79806a060 WorkerThread "GC Thread#5"                     [id=2260, stack(0x0000000a36500000,0x0000000a36600000) (1024K)]
  0x000001e79806a400 WorkerThread "GC Thread#6"                     [id=3348, stack(0x0000000a36600000,0x0000000a36700000) (1024K)]
  0x000001e7980032a0 WorkerThread "GC Thread#7"                     [id=14640, stack(0x0000000a36900000,0x0000000a36a00000) (1024K)]
Total: 10

Threads with active compile tasks:
C2 CompilerThread0  7715 6607       4       org.eclipse.osgi.internal.hooks.EclipseLazyStarter::preFindLocalClass (120 bytes)
C2 CompilerThread1  7715 6641       4       java.util.regex.Pattern::sequence (647 bytes)
C2 CompilerThread2  7715 6548   !   4       java.util.concurrent.ConcurrentHashMap::putVal (432 bytes)
Total: 3

VM state: not at safepoint (normal execution)

VM Mutex/Monitor currently owned by a thread: None

Heap address: 0x0000000080000000, size: 2048 MB, Compressed Oops mode: 32-bit

CDS archive(s) mapped at: [0x000001e751000000-0x000001e751ba0000-0x000001e751ba0000), size 12189696, SharedBaseAddress: 0x000001e751000000, ArchiveRelocationMode: 1.
Compressed class space mapped at: 0x000001e752000000-0x000001e792000000, reserved size: 1073741824
Narrow klass base: 0x000001e751000000, Narrow klass shift: 0, Narrow klass range: 0x100000000

GC Precious Log:
 CardTable entry size: 512
 CPUs: 8 total, 8 available
 Memory: 16112M
 Large Page Support: Disabled
 NUMA Support: Disabled
 Compressed Oops: Enabled (32-bit)
 Alignments: Space 512K, Generation 512K, Heap 2M
 Heap Min Capacity: 100M
 Heap Initial Capacity: 100M
 Heap Max Capacity: 2G
 Pre-touch: Disabled
 Parallel Workers: 8

Heap:
 PSYoungGen      total 23040K, used 22165K [0x00000000d5580000, 0x00000000d7500000, 0x0000000100000000)
  eden space 22016K, 96% used [0x00000000d5580000,0x00000000d6a29450,0x00000000d6b00000)
  from space 1024K, 98% used [0x00000000d7400000,0x00000000d74fc010,0x00000000d7500000)
  to   space 2560K, 0% used [0x00000000d7000000,0x00000000d7000000,0x00000000d7280000)
 ParOldGen       total 68608K, used 38182K [0x0000000080000000, 0x0000000084300000, 0x00000000d5580000)
  object space 68608K, 55% used [0x0000000080000000,0x0000000082549a50,0x0000000084300000)
 Metaspace       used 53224K, committed 54528K, reserved 1114112K
  class space    used 6296K, committed 6848K, reserved 1048576K

Card table byte_map: [0x000001e739950000,0x000001e739d60000] _byte_map_base: 0x000001e739550000

Marking Bits: (ParMarkBitMap*) 0x00007ff96c3f2460
 Begin Bits: [0x000001e74c460000, 0x000001e74e460000)
 End Bits:   [0x000001e74e460000, 0x000001e750460000)

Polling page: 0x000001e737e10000

Metaspace:

Usage:
  Non-class:     45.83 MB used.
      Class:      6.15 MB used.
       Both:     51.98 MB used.

Virtual space:
  Non-class space:       64.00 MB reserved,      46.56 MB ( 73%) committed,  1 nodes.
      Class space:        1.00 GB reserved,       6.69 MB ( <1%) committed,  1 nodes.
             Both:        1.06 GB reserved,      53.25 MB (  5%) committed. 

Chunk freelists:
   Non-Class:  1.19 MB
       Class:  9.30 MB
        Both:  10.48 MB

MaxMetaspaceSize: unlimited
CompressedClassSpaceSize: 1.00 GB
Initial GC threshold: 21.00 MB
Current GC threshold: 58.38 MB
CDS: on
 - commit_granule_bytes: 65536.
 - commit_granule_words: 8192.
 - virtual_space_node_default_size: 8388608.
 - enlarge_chunks_in_place: 1.
 - use_allocation_guard: 0.


Internal statistics:

num_allocs_failed_limit: 8.
num_arena_births: 960.
num_arena_deaths: 26.
num_vsnodes_births: 2.
num_vsnodes_deaths: 0.
num_space_committed: 852.
num_space_uncommitted: 0.
num_chunks_returned_to_freelist: 39.
num_chunks_taken_from_freelist: 3427.
num_chunk_merges: 15.
num_chunk_splits: 2086.
num_chunks_enlarged: 1142.
num_inconsistent_stats: 0.

CodeHeap 'non-profiled nmethods': size=120000Kb used=3526Kb max_used=3526Kb free=116473Kb
 bounds [0x000001e744c80000, 0x000001e745000000, 0x000001e74c1b0000]
CodeHeap 'profiled nmethods': size=120000Kb used=12396Kb max_used=12396Kb free=107603Kb
 bounds [0x000001e73d1b0000, 0x000001e73ddd0000, 0x000001e7446e0000]
CodeHeap 'non-nmethods': size=5760Kb used=1386Kb max_used=1459Kb free=4373Kb
 bounds [0x000001e7446e0000, 0x000001e744950000, 0x000001e744c80000]
CodeCache: size=245760Kb, used=17308Kb, max_used=17381Kb, free=228449Kb
 total_blobs=6765, nmethods=6089, adapters=581, full_count=0
Compilation: enabled, stopped_count=0, restarted_count=0

Compilation events (20 events):
Event: 7.645 Thread 0x000001e739f36330 nmethod 6561 0x000001e744fe9d10 code [0x000001e744fe9ea0, 0x000001e744fe9f68]
Event: 7.645 Thread 0x000001e739f36330 6563       3       java.nio.MappedByteBuffer::position (6 bytes)
Event: 7.646 Thread 0x000001e739f36330 nmethod 6563 0x000001e73dda7710 code [0x000001e73dda78c0, 0x000001e73dda7ad0]
Event: 7.647 Thread 0x000001e739f36330 6565       3       org.eclipse.core.runtime.Path::lastSegment (22 bytes)
Event: 7.647 Thread 0x000001e739f36330 nmethod 6565 0x000001e73dda7c10 code [0x000001e73dda7dc0, 0x000001e73dda7f80]
Event: 7.647 Thread 0x000001e739f36330 6566       1       org.eclipse.core.internal.dtree.AbstractDataTreeNode::getName (5 bytes)
Event: 7.647 Thread 0x000001e739f34d70 nmethod 6544 0x000001e744fea310 code [0x000001e744fea4c0, 0x000001e744fea7e0]
Event: 7.647 Thread 0x000001e739f36330 nmethod 6566 0x000001e744feaa10 code [0x000001e744feaba0, 0x000001e744feac68]
Event: 7.647 Thread 0x000001e739f36330 6567       1       org.eclipse.core.internal.dtree.AbstractDataTreeNode::getChildren (5 bytes)
Event: 7.648 Thread 0x000001e739f36330 nmethod 6567 0x000001e744fead10 code [0x000001e744feaea0, 0x000001e744feaf68]
Event: 7.648 Thread 0x000001e739f34d70 6568       4       java.lang.StringBuilder::append (8 bytes)
Event: 7.648 Thread 0x000001e739f36330 6569   !   3       org.eclipse.core.internal.resources.Workspace::getResourceInfo (109 bytes)
Event: 7.648 Thread 0x000001e799e480a0 nmethod 6543 0x000001e744feb010 code [0x000001e744feb1c0, 0x000001e744feb4e0]
Event: 7.649 Thread 0x000001e739f36330 nmethod 6569 0x000001e73dda8090 code [0x000001e73dda8320, 0x000001e73dda8e68]
Event: 7.649 Thread 0x000001e799e480a0 6570       4       java.util.ArrayList::remove (26 bytes)
Event: 7.652 Thread 0x000001e799e480a0 nmethod 6570 0x000001e744feb710 code [0x000001e744feb8a0, 0x000001e744febac0]
Event: 7.656 Thread 0x000001e739f36330 6571       3       org.gradle.cli.CommandLineOption::hasDescription (7 bytes)
Event: 7.656 Thread 0x000001e739f36330 nmethod 6571 0x000001e73dda9410 code [0x000001e73dda95a0, 0x000001e73dda96c8]
Event: 7.656 Thread 0x000001e739f36330 6572       3       org.gradle.cli.CommandLineParser::option (190 bytes)
Event: 7.656 Thread 0x000001e739f34d70 nmethod 6568 0x000001e744febc90 code [0x000001e744febe60, 0x000001e744fec480]

GC Heap History (20 events):
Event: 5.357 GC heap before
{Heap before GC invocations=17 (full 2):
 PSYoungGen      total 23040K, used 23040K [0x00000000d5580000, 0x00000000d7080000, 0x0000000100000000)
  eden space 22016K, 100% used [0x00000000d5580000,0x00000000d6b00000,0x00000000d6b00000)
  from space 1024K, 100% used [0x00000000d6f80000,0x00000000d7080000,0x00000000d7080000)
  to   space 1536K, 0% used [0x00000000d6d80000,0x00000000d6d80000,0x00000000d6f00000)
 ParOldGen       total 68608K, used 18612K [0x0000000080000000, 0x0000000084300000, 0x00000000d5580000)
  object space 68608K, 27% used [0x0000000080000000,0x000000008122d050,0x0000000084300000)
 Metaspace       used 39123K, committed 40320K, reserved 1114112K
  class space    used 4234K, committed 4736K, reserved 1048576K
}
Event: 5.359 GC heap after
{Heap after GC invocations=17 (full 2):
 PSYoungGen      total 23552K, used 1512K [0x00000000d5580000, 0x00000000d7100000, 0x0000000100000000)
  eden space 22016K, 0% used [0x00000000d5580000,0x00000000d5580000,0x00000000d6b00000)
  from space 1536K, 98% used [0x00000000d6d80000,0x00000000d6efa2b8,0x00000000d6f00000)
  to   space 2048K, 0% used [0x00000000d6f00000,0x00000000d6f00000,0x00000000d7100000)
 ParOldGen       total 68608K, used 19603K [0x0000000080000000, 0x0000000084300000, 0x00000000d5580000)
  object space 68608K, 28% used [0x0000000080000000,0x0000000081324d60,0x0000000084300000)
 Metaspace       used 39123K, committed 40320K, reserved 1114112K
  class space    used 4234K, committed 4736K, reserved 1048576K
}
Event: 5.503 GC heap before
{Heap before GC invocations=18 (full 2):
 PSYoungGen      total 23552K, used 23528K [0x00000000d5580000, 0x00000000d7100000, 0x0000000100000000)
  eden space 22016K, 100% used [0x00000000d5580000,0x00000000d6b00000,0x00000000d6b00000)
  from space 1536K, 98% used [0x00000000d6d80000,0x00000000d6efa2b8,0x00000000d6f00000)
  to   space 2048K, 0% used [0x00000000d6f00000,0x00000000d6f00000,0x00000000d7100000)
 ParOldGen       total 68608K, used 19603K [0x0000000080000000, 0x0000000084300000, 0x00000000d5580000)
  object space 68608K, 28% used [0x0000000080000000,0x0000000081324d60,0x0000000084300000)
 Metaspace       used 41214K, committed 42368K, reserved 1114112K
  class space    used 4540K, committed 5056K, reserved 1048576K
}
Event: 5.506 GC heap after
{Heap after GC invocations=18 (full 2):
 PSYoungGen      total 23040K, used 1024K [0x00000000d5580000, 0x00000000d7000000, 0x0000000100000000)
  eden space 22016K, 0% used [0x00000000d5580000,0x00000000d5580000,0x00000000d6b00000)
  from space 1024K, 100% used [0x00000000d6f00000,0x00000000d7000000,0x00000000d7000000)
  to   space 2048K, 0% used [0x00000000d6c00000,0x00000000d6c00000,0x00000000d6e00000)
 ParOldGen       total 68608K, used 20751K [0x0000000080000000, 0x0000000084300000, 0x00000000d5580000)
  object space 68608K, 30% used [0x0000000080000000,0x0000000081443dd8,0x0000000084300000)
 Metaspace       used 41214K, committed 42368K, reserved 1114112K
  class space    used 4540K, committed 5056K, reserved 1048576K
}
Event: 5.703 GC heap before
{Heap before GC invocations=19 (full 2):
 PSYoungGen      total 23040K, used 23040K [0x00000000d5580000, 0x00000000d7000000, 0x0000000100000000)
  eden space 22016K, 100% used [0x00000000d5580000,0x00000000d6b00000,0x00000000d6b00000)
  from space 1024K, 100% used [0x00000000d6f00000,0x00000000d7000000,0x00000000d7000000)
  to   space 2048K, 0% used [0x00000000d6c00000,0x00000000d6c00000,0x00000000d6e00000)
 ParOldGen       total 68608K, used 20751K [0x0000000080000000, 0x0000000084300000, 0x00000000d5580000)
  object space 68608K, 30% used [0x0000000080000000,0x0000000081443dd8,0x0000000084300000)
 Metaspace       used 42664K, committed 43776K, reserved 1114112K
  class space    used 4726K, committed 5248K, reserved 1048576K
}
Event: 5.706 GC heap after
{Heap after GC invocations=19 (full 2):
 PSYoungGen      total 24064K, used 2037K [0x00000000d5580000, 0x00000000d8100000, 0x0000000100000000)
  eden space 22016K, 0% used [0x00000000d5580000,0x00000000d5580000,0x00000000d6b00000)
  from space 2048K, 99% used [0x00000000d6c00000,0x00000000d6dfd5e8,0x00000000d6e00000)
  to   space 11264K, 0% used [0x00000000d7600000,0x00000000d7600000,0x00000000d8100000)
 ParOldGen       total 68608K, used 28198K [0x0000000080000000, 0x0000000084300000, 0x00000000d5580000)
  object space 68608K, 41% used [0x0000000080000000,0x0000000081b89bb8,0x0000000084300000)
 Metaspace       used 42664K, committed 43776K, reserved 1114112K
  class space    used 4726K, committed 5248K, reserved 1048576K
}
Event: 5.919 GC heap before
{Heap before GC invocations=20 (full 2):
 PSYoungGen      total 24064K, used 24053K [0x00000000d5580000, 0x00000000d8100000, 0x0000000100000000)
  eden space 22016K, 100% used [0x00000000d5580000,0x00000000d6b00000,0x00000000d6b00000)
  from space 2048K, 99% used [0x00000000d6c00000,0x00000000d6dfd5e8,0x00000000d6e00000)
  to   space 11264K, 0% used [0x00000000d7600000,0x00000000d7600000,0x00000000d8100000)
 ParOldGen       total 68608K, used 28198K [0x0000000080000000, 0x0000000084300000, 0x00000000d5580000)
  object space 68608K, 41% used [0x0000000080000000,0x0000000081b89bb8,0x0000000084300000)
 Metaspace       used 44921K, committed 46144K, reserved 1114112K
  class space    used 5076K, committed 5632K, reserved 1048576K
}
Event: 5.922 GC heap after
{Heap after GC invocations=20 (full 2):
 PSYoungGen      total 23552K, used 1088K [0x00000000d5580000, 0x00000000d7780000, 0x0000000100000000)
  eden space 22016K, 0% used [0x00000000d5580000,0x00000000d5580000,0x00000000d6b00000)
  from space 1536K, 70% used [0x00000000d7600000,0x00000000d7710000,0x00000000d7780000)
  to   space 4608K, 0% used [0x00000000d6e80000,0x00000000d6e80000,0x00000000d7300000)
 ParOldGen       total 68608K, used 30195K [0x0000000080000000, 0x0000000084300000, 0x00000000d5580000)
  object space 68608K, 44% used [0x0000000080000000,0x0000000081d7ce00,0x0000000084300000)
 Metaspace       used 44921K, committed 46144K, reserved 1114112K
  class space    used 5076K, committed 5632K, reserved 1048576K
}
Event: 6.173 GC heap before
{Heap before GC invocations=21 (full 2):
 PSYoungGen      total 23552K, used 23104K [0x00000000d5580000, 0x00000000d7780000, 0x0000000100000000)
  eden space 22016K, 100% used [0x00000000d5580000,0x00000000d6b00000,0x00000000d6b00000)
  from space 1536K, 70% used [0x00000000d7600000,0x00000000d7710000,0x00000000d7780000)
  to   space 4608K, 0% used [0x00000000d6e80000,0x00000000d6e80000,0x00000000d7300000)
 ParOldGen       total 68608K, used 30195K [0x0000000080000000, 0x0000000084300000, 0x00000000d5580000)
  object space 68608K, 44% used [0x0000000080000000,0x0000000081d7ce00,0x0000000084300000)
 Metaspace       used 46808K, committed 48000K, reserved 1114112K
  class space    used 5384K, committed 5888K, reserved 1048576K
}
Event: 6.176 GC heap after
{Heap after GC invocations=21 (full 2):
 PSYoungGen      total 26624K, used 1174K [0x00000000d5580000, 0x00000000d7680000, 0x0000000100000000)
  eden space 22016K, 0% used [0x00000000d5580000,0x00000000d5580000,0x00000000d6b00000)
  from space 4608K, 25% used [0x00000000d6e80000,0x00000000d6fa58c8,0x00000000d7300000)
  to   space 2048K, 0% used [0x00000000d7480000,0x00000000d7480000,0x00000000d7680000)
 ParOldGen       total 68608K, used 31091K [0x0000000080000000, 0x0000000084300000, 0x00000000d5580000)
  object space 68608K, 45% used [0x0000000080000000,0x0000000081e5ce20,0x0000000084300000)
 Metaspace       used 46808K, committed 48000K, reserved 1114112K
  class space    used 5384K, committed 5888K, reserved 1048576K
}
Event: 6.386 GC heap before
{Heap before GC invocations=22 (full 2):
 PSYoungGen      total 26624K, used 23190K [0x00000000d5580000, 0x00000000d7680000, 0x0000000100000000)
  eden space 22016K, 100% used [0x00000000d5580000,0x00000000d6b00000,0x00000000d6b00000)
  from space 4608K, 25% used [0x00000000d6e80000,0x00000000d6fa58c8,0x00000000d7300000)
  to   space 2048K, 0% used [0x00000000d7480000,0x00000000d7480000,0x00000000d7680000)
 ParOldGen       total 68608K, used 31091K [0x0000000080000000, 0x0000000084300000, 0x00000000d5580000)
  object space 68608K, 45% used [0x0000000080000000,0x0000000081e5ce20,0x0000000084300000)
 Metaspace       used 47942K, committed 49152K, reserved 1114112K
  class space    used 5518K, committed 6080K, reserved 1048576K
}
Event: 6.389 GC heap after
{Heap after GC invocations=22 (full 2):
 PSYoungGen      total 23040K, used 1024K [0x00000000d5580000, 0x00000000d7580000, 0x0000000100000000)
  eden space 22016K, 0% used [0x00000000d5580000,0x00000000d5580000,0x00000000d6b00000)
  from space 1024K, 100% used [0x00000000d7480000,0x00000000d7580000,0x00000000d7580000)
  to   space 1536K, 0% used [0x00000000d7280000,0x00000000d7280000,0x00000000d7400000)
 ParOldGen       total 68608K, used 32115K [0x0000000080000000, 0x0000000084300000, 0x00000000d5580000)
  object space 68608K, 46% used [0x0000000080000000,0x0000000081f5ce30,0x0000000084300000)
 Metaspace       used 47942K, committed 49152K, reserved 1114112K
  class space    used 5518K, committed 6080K, reserved 1048576K
}
Event: 6.619 GC heap before
{Heap before GC invocations=23 (full 2):
 PSYoungGen      total 23040K, used 23040K [0x00000000d5580000, 0x00000000d7580000, 0x0000000100000000)
  eden space 22016K, 100% used [0x00000000d5580000,0x00000000d6b00000,0x00000000d6b00000)
  from space 1024K, 100% used [0x00000000d7480000,0x00000000d7580000,0x00000000d7580000)
  to   space 1536K, 0% used [0x00000000d7280000,0x00000000d7280000,0x00000000d7400000)
 ParOldGen       total 68608K, used 32115K [0x0000000080000000, 0x0000000084300000, 0x00000000d5580000)
  object space 68608K, 46% used [0x0000000080000000,0x0000000081f5ce30,0x0000000084300000)
 Metaspace       used 49428K, committed 50624K, reserved 1114112K
  class space    used 5679K, committed 6208K, reserved 1048576K
}
Event: 6.621 GC heap after
{Heap after GC invocations=23 (full 2):
 PSYoungGen      total 23552K, used 995K [0x00000000d5580000, 0x00000000d7500000, 0x0000000100000000)
  eden space 22016K, 0% used [0x00000000d5580000,0x00000000d5580000,0x00000000d6b00000)
  from space 1536K, 64% used [0x00000000d7280000,0x00000000d7378ca8,0x00000000d7400000)
  to   space 1024K, 0% used [0x00000000d7400000,0x00000000d7400000,0x00000000d7500000)
 ParOldGen       total 68608K, used 32922K [0x0000000080000000, 0x0000000084300000, 0x00000000d5580000)
  object space 68608K, 47% used [0x0000000080000000,0x0000000082026880,0x0000000084300000)
 Metaspace       used 49428K, committed 50624K, reserved 1114112K
  class space    used 5679K, committed 6208K, reserved 1048576K
}
Event: 6.946 GC heap before
{Heap before GC invocations=24 (full 2):
 PSYoungGen      total 23552K, used 23011K [0x00000000d5580000, 0x00000000d7500000, 0x0000000100000000)
  eden space 22016K, 100% used [0x00000000d5580000,0x00000000d6b00000,0x00000000d6b00000)
  from space 1536K, 64% used [0x00000000d7280000,0x00000000d7378ca8,0x00000000d7400000)
  to   space 1024K, 0% used [0x00000000d7400000,0x00000000d7400000,0x00000000d7500000)
 ParOldGen       total 68608K, used 32922K [0x0000000080000000, 0x0000000084300000, 0x00000000d5580000)
  object space 68608K, 47% used [0x0000000080000000,0x0000000082026880,0x0000000084300000)
 Metaspace       used 49841K, committed 51072K, reserved 1114112K
  class space    used 5711K, committed 6208K, reserved 1048576K
}
Event: 6.949 GC heap after
{Heap after GC invocations=24 (full 2):
 PSYoungGen      total 23040K, used 672K [0x00000000d5580000, 0x00000000d7500000, 0x0000000100000000)
  eden space 22016K, 0% used [0x00000000d5580000,0x00000000d5580000,0x00000000d6b00000)
  from space 1024K, 65% used [0x00000000d7400000,0x00000000d74a8000,0x00000000d7500000)
  to   space 1024K, 0% used [0x00000000d7300000,0x00000000d7300000,0x00000000d7400000)
 ParOldGen       total 68608K, used 33751K [0x0000000080000000, 0x0000000084300000, 0x00000000d5580000)
  object space 68608K, 49% used [0x0000000080000000,0x00000000820f5df0,0x0000000084300000)
 Metaspace       used 49841K, committed 51072K, reserved 1114112K
  class space    used 5711K, committed 6208K, reserved 1048576K
}
Event: 7.216 GC heap before
{Heap before GC invocations=25 (full 2):
 PSYoungGen      total 23040K, used 22688K [0x00000000d5580000, 0x00000000d7500000, 0x0000000100000000)
  eden space 22016K, 100% used [0x00000000d5580000,0x00000000d6b00000,0x00000000d6b00000)
  from space 1024K, 65% used [0x00000000d7400000,0x00000000d74a8000,0x00000000d7500000)
  to   space 1024K, 0% used [0x00000000d7300000,0x00000000d7300000,0x00000000d7400000)
 ParOldGen       total 68608K, used 33751K [0x0000000080000000, 0x0000000084300000, 0x00000000d5580000)
  object space 68608K, 49% used [0x0000000080000000,0x00000000820f5df0,0x0000000084300000)
 Metaspace       used 49951K, committed 51136K, reserved 1114112K
  class space    used 5723K, committed 6208K, reserved 1048576K
}
Event: 7.218 GC heap after
{Heap after GC invocations=25 (full 2):
 PSYoungGen      total 23040K, used 1014K [0x00000000d5580000, 0x00000000d7500000, 0x0000000100000000)
  eden space 22016K, 0% used [0x00000000d5580000,0x00000000d5580000,0x00000000d6b00000)
  from space 1024K, 99% used [0x00000000d7300000,0x00000000d73fd8d8,0x00000000d7400000)
  to   space 1024K, 0% used [0x00000000d7400000,0x00000000d7400000,0x00000000d7500000)
 ParOldGen       total 68608K, used 37190K [0x0000000080000000, 0x0000000084300000, 0x00000000d5580000)
  object space 68608K, 54% used [0x0000000080000000,0x0000000082451b28,0x0000000084300000)
 Metaspace       used 49951K, committed 51136K, reserved 1114112K
  class space    used 5723K, committed 6208K, reserved 1048576K
}
Event: 7.445 GC heap before
{Heap before GC invocations=26 (full 2):
 PSYoungGen      total 23040K, used 23030K [0x00000000d5580000, 0x00000000d7500000, 0x0000000100000000)
  eden space 22016K, 100% used [0x00000000d5580000,0x00000000d6b00000,0x00000000d6b00000)
  from space 1024K, 99% used [0x00000000d7300000,0x00000000d73fd8d8,0x00000000d7400000)
  to   space 1024K, 0% used [0x00000000d7400000,0x00000000d7400000,0x00000000d7500000)
 ParOldGen       total 68608K, used 37190K [0x0000000080000000, 0x0000000084300000, 0x00000000d5580000)
  object space 68608K, 54% used [0x0000000080000000,0x0000000082451b28,0x0000000084300000)
 Metaspace       used 51124K, committed 52352K, reserved 1114112K
  class space    used 5949K, committed 6464K, reserved 1048576K
}
Event: 7.446 GC heap after
{Heap after GC invocations=26 (full 2):
 PSYoungGen      total 23040K, used 1008K [0x00000000d5580000, 0x00000000d7500000, 0x0000000100000000)
  eden space 22016K, 0% used [0x00000000d5580000,0x00000000d5580000,0x00000000d6b00000)
  from space 1024K, 98% used [0x00000000d7400000,0x00000000d74fc010,0x00000000d7500000)
  to   space 2560K, 0% used [0x00000000d7000000,0x00000000d7000000,0x00000000d7280000)
 ParOldGen       total 68608K, used 38182K [0x0000000080000000, 0x0000000084300000, 0x00000000d5580000)
  object space 68608K, 55% used [0x0000000080000000,0x0000000082549a50,0x0000000084300000)
 Metaspace       used 51124K, committed 52352K, reserved 1114112K
  class space    used 5949K, committed 6464K, reserved 1048576K
}

Dll operation events (13 events):
Event: 0.013 Loaded shared library c:\Users\Naufal\.vscode\extensions\redhat.java-1.50.0-win32-x64\jre\21.0.9-win32-x86_64\bin\java.dll
Event: 0.070 Loaded shared library c:\Users\Naufal\.vscode\extensions\redhat.java-1.50.0-win32-x64\jre\21.0.9-win32-x86_64\bin\zip.dll
Event: 0.086 Loaded shared library C:\Users\Naufal\.vscode\extensions\redhat.java-1.50.0-win32-x64\jre\21.0.9-win32-x86_64\bin\instrument.dll
Event: 0.089 Loaded shared library C:\Users\Naufal\.vscode\extensions\redhat.java-1.50.0-win32-x64\jre\21.0.9-win32-x86_64\bin\net.dll
Event: 0.091 Loaded shared library C:\Users\Naufal\.vscode\extensions\redhat.java-1.50.0-win32-x64\jre\21.0.9-win32-x86_64\bin\nio.dll
Event: 0.094 Loaded shared library C:\Users\Naufal\.vscode\extensions\redhat.java-1.50.0-win32-x64\jre\21.0.9-win32-x86_64\bin\zip.dll
Event: 0.116 Loaded shared library C:\Users\Naufal\.vscode\extensions\redhat.java-1.50.0-win32-x64\jre\21.0.9-win32-x86_64\bin\jimage.dll
Event: 0.168 Loaded shared library c:\Users\Naufal\.vscode\extensions\redhat.java-1.50.0-win32-x64\jre\21.0.9-win32-x86_64\bin\verify.dll
Event: 1.059 Loaded shared library C:\Users\Naufal\AppData\Roaming\Code\User\globalStorage\redhat.java\1.50.0\config_win\org.eclipse.equinox.launcher\org.eclipse.equinox.launcher.win32.win32.x86_64_1.2.1400.v20250801-0854\eclipse_11916.dll
Event: 2.428 Loaded shared library C:\Users\Naufal\AppData\Local\Temp\jna--1968725297\jna3225678696330678767.dll
Event: 5.901 Loaded shared library C:\Users\Naufal\.gradle\native\1def1411415f61bf3af743bc5b6707747c0891f09f0c88961ee8f79bc544acac\windows-amd64\native-platform.dll
Event: 7.552 Loaded shared library C:\Users\Naufal\.vscode\extensions\redhat.java-1.50.0-win32-x64\jre\21.0.9-win32-x86_64\bin\management.dll
Event: 7.555 Loaded shared library C:\Users\Naufal\.vscode\extensions\redhat.java-1.50.0-win32-x64\jre\21.0.9-win32-x86_64\bin\management_ext.dll

Deoptimization events (20 events):
Event: 7.622 Thread 0x000001e79bfbbe60 DEOPT PACKING pc=0x000001e744f72488 sp=0x0000000a389fe510
Event: 7.622 Thread 0x000001e79bfbb140 DEOPT PACKING pc=0x000001e744f72488 sp=0x0000000a387feb40
Event: 7.622 Thread 0x000001e79bfbb140 DEOPT UNPACKING pc=0x000001e744736da2 sp=0x0000000a387fead0 mode 2
Event: 7.622 Thread 0x000001e79bfbbe60 DEOPT UNPACKING pc=0x000001e744736da2 sp=0x0000000a389fe4a0 mode 2
Event: 7.622 Thread 0x000001e79bfbb140 Uncommon trap: trap_request=0xffffff45 fr.pc=0x000001e744f70e4c relative=0x0000000000000d8c
Event: 7.622 Thread 0x000001e79bfbbe60 Uncommon trap: trap_request=0xffffff45 fr.pc=0x000001e744f70e4c relative=0x0000000000000d8c
Event: 7.622 Thread 0x000001e79bfbb140 Uncommon trap: reason=unstable_if action=reinterpret pc=0x000001e744f70e4c method=java.util.regex.Pattern.compile()V @ 338 c2
Event: 7.622 Thread 0x000001e79bfbbe60 Uncommon trap: reason=unstable_if action=reinterpret pc=0x000001e744f70e4c method=java.util.regex.Pattern.compile()V @ 338 c2
Event: 7.622 Thread 0x000001e79bfbbe60 DEOPT PACKING pc=0x000001e744f70e4c sp=0x0000000a389fe5f0
Event: 7.622 Thread 0x000001e79bfbb140 DEOPT PACKING pc=0x000001e744f70e4c sp=0x0000000a387fec20
Event: 7.622 Thread 0x000001e79bfbb140 DEOPT UNPACKING pc=0x000001e744736da2 sp=0x0000000a387febb0 mode 2
Event: 7.622 Thread 0x000001e79bfbbe60 DEOPT UNPACKING pc=0x000001e744736da2 sp=0x0000000a389fe580 mode 2
Event: 7.623 Thread 0x000001e79bfbb140 Uncommon trap: trap_request=0xffffffc6 fr.pc=0x000001e744f72488 relative=0x0000000000000928
Event: 7.623 Thread 0x000001e79bfbbe60 Uncommon trap: trap_request=0xffffffc6 fr.pc=0x000001e744f72488 relative=0x0000000000000928
Event: 7.623 Thread 0x000001e79bfbb140 Uncommon trap: reason=bimorphic_or_optimized_type_check action=maybe_recompile pc=0x000001e744f72488 method=java.util.regex.Pattern$CharPropertyGreedy.match(Ljava/util/regex/Matcher;ILjava/lang/CharSequence;)Z @ 64 c2
Event: 7.623 Thread 0x000001e79bfbbe60 Uncommon trap: reason=bimorphic_or_optimized_type_check action=maybe_recompile pc=0x000001e744f72488 method=java.util.regex.Pattern$CharPropertyGreedy.match(Ljava/util/regex/Matcher;ILjava/lang/CharSequence;)Z @ 64 c2
Event: 7.623 Thread 0x000001e79bfbb140 DEOPT PACKING pc=0x000001e744f72488 sp=0x0000000a387feb40
Event: 7.623 Thread 0x000001e79bfbbe60 DEOPT PACKING pc=0x000001e744f72488 sp=0x0000000a389fe510
Event: 7.623 Thread 0x000001e79bfbb140 DEOPT UNPACKING pc=0x000001e744736da2 sp=0x0000000a387fead0 mode 2
Event: 7.623 Thread 0x000001e79bfbbe60 DEOPT UNPACKING pc=0x000001e744736da2 sp=0x0000000a389fe4a0 mode 2

Classes loaded (20 events):
Event: 7.560 Loading class java/lang/management/DefaultPlatformMBeanProvider$9
Event: 7.560 Loading class java/lang/management/DefaultPlatformMBeanProvider$9 done
Event: 7.561 Loading class java/lang/management/DefaultPlatformMBeanProvider$10
Event: 7.561 Loading class java/lang/management/DefaultPlatformMBeanProvider$10 done
Event: 7.561 Loading class java/lang/management/DefaultPlatformMBeanProvider$11
Event: 7.561 Loading class java/lang/management/DefaultPlatformMBeanProvider$11 done
Event: 7.561 Loading class jdk/management/jfr/FlightRecorderMXBean
Event: 7.561 Loading class jdk/management/jfr/FlightRecorderMXBean done
Event: 7.561 Loading class jdk/management/jfr/internal/FlightRecorderMXBeanProvider$SingleMBeanComponent
Event: 7.561 Loading class jdk/management/jfr/internal/FlightRecorderMXBeanProvider$SingleMBeanComponent done
Event: 7.562 Loading class sun/management/RuntimeImpl
Event: 7.562 Loading class sun/management/RuntimeImpl done
Event: 7.562 Loading class java/util/Collections$2
Event: 7.563 Loading class java/util/Collections$2 done
Event: 7.563 Loading class sun/management/Util
Event: 7.563 Loading class sun/management/Util done
Event: 7.563 Loading class java/lang/management/ManagementPermission
Event: 7.563 Loading class java/lang/management/ManagementPermission done
Event: 7.637 Loading class java/util/ArrayDeque$DeqSpliterator
Event: 7.637 Loading class java/util/ArrayDeque$DeqSpliterator done

Classes unloaded (13 events):
Event: 3.221 Thread 0x000001e73a050b10 Unloading class 0x000001e7521ad400 'java/lang/invoke/LambdaForm$MH+0x000001e7521ad400'
Event: 3.221 Thread 0x000001e73a050b10 Unloading class 0x000001e7521ad000 'java/lang/invoke/LambdaForm$MH+0x000001e7521ad000'
Event: 3.221 Thread 0x000001e73a050b10 Unloading class 0x000001e7521acc00 'java/lang/invoke/LambdaForm$MH+0x000001e7521acc00'
Event: 3.221 Thread 0x000001e73a050b10 Unloading class 0x000001e7521ac800 'java/lang/invoke/LambdaForm$MH+0x000001e7521ac800'
Event: 3.221 Thread 0x000001e73a050b10 Unloading class 0x000001e7521ac400 'java/lang/invoke/LambdaForm$BMH+0x000001e7521ac400'
Event: 3.221 Thread 0x000001e73a050b10 Unloading class 0x000001e7521ac000 'java/lang/invoke/LambdaForm$DMH+0x000001e7521ac000'
Event: 3.221 Thread 0x000001e73a050b10 Unloading class 0x000001e7521aac00 'java/lang/invoke/LambdaForm$DMH+0x000001e7521aac00'
Event: 4.965 Thread 0x000001e73a050b10 Unloading class 0x000001e752318800 'java/lang/invoke/LambdaForm$MH+0x000001e752318800'
Event: 4.965 Thread 0x000001e73a050b10 Unloading class 0x000001e752317c00 'java/lang/invoke/LambdaForm$MH+0x000001e752317c00'
Event: 4.965 Thread 0x000001e73a050b10 Unloading class 0x000001e752317800 'java/lang/invoke/LambdaForm$MH+0x000001e752317800'
Event: 4.965 Thread 0x000001e73a050b10 Unloading class 0x000001e752317000 'java/lang/invoke/LambdaForm$MH+0x000001e752317000'
Event: 4.965 Thread 0x000001e73a050b10 Unloading class 0x000001e752316800 'java/lang/invoke/LambdaForm$DMH+0x000001e752316800'
Event: 4.965 Thread 0x000001e73a050b10 Unloading class 0x000001e752315c00 'java/lang/invoke/LambdaForm$MH+0x000001e752315c00'

Classes redefined (0 events):
No events

Internal exceptions (20 events):
Event: 7.202 Thread 0x000001e798833d10 Exception <a 'sun/nio/fs/WindowsException'{0x00000000d67c8ed8}> (0x00000000d67c8ed8) 
thrown [s\src\hotspot\share\prims\jni.cpp, line 520]
Event: 7.206 Thread 0x000001e798833d10 Exception <a 'sun/nio/fs/WindowsException'{0x00000000d67c97f8}> (0x00000000d67c97f8) 
thrown [s\src\hotspot\share\prims\jni.cpp, line 520]
Event: 7.206 Thread 0x000001e798833d10 Exception <a 'sun/nio/fs/WindowsException'{0x00000000d67c9e28}> (0x00000000d67c9e28) 
thrown [s\src\hotspot\share\prims\jni.cpp, line 520]
Event: 7.208 Thread 0x000001e798833d10 Exception <a 'sun/nio/fs/WindowsException'{0x00000000d69b8878}> (0x00000000d69b8878) 
thrown [s\src\hotspot\share\prims\jni.cpp, line 520]
Event: 7.208 Thread 0x000001e798833d10 Exception <a 'sun/nio/fs/WindowsException'{0x00000000d69b8ea8}> (0x00000000d69b8ea8) 
thrown [s\src\hotspot\share\prims\jni.cpp, line 520]
Event: 7.219 Thread 0x000001e798833d10 Exception <a 'sun/nio/fs/WindowsException'{0x00000000d55ce600}> (0x00000000d55ce600) 
thrown [s\src\hotspot\share\prims\jni.cpp, line 520]
Event: 7.219 Thread 0x000001e798833d10 Exception <a 'sun/nio/fs/WindowsException'{0x00000000d55cec30}> (0x00000000d55cec30) 
thrown [s\src\hotspot\share\prims\jni.cpp, line 520]
Event: 7.228 Thread 0x000001e798833d10 Exception <a 'sun/nio/fs/WindowsException'{0x00000000d593af28}> (0x00000000d593af28) 
thrown [s\src\hotspot\share\prims\jni.cpp, line 520]
Event: 7.228 Thread 0x000001e798833d10 Exception <a 'sun/nio/fs/WindowsException'{0x00000000d593b558}> (0x00000000d593b558) 
thrown [s\src\hotspot\share\prims\jni.cpp, line 520]
Event: 7.228 Thread 0x000001e798833d10 Exception <a 'sun/nio/fs/WindowsException'{0x00000000d593be78}> (0x00000000d593be78) 
thrown [s\src\hotspot\share\prims\jni.cpp, line 520]
Event: 7.228 Thread 0x000001e798833d10 Exception <a 'sun/nio/fs/WindowsException'{0x00000000d593c4a8}> (0x00000000d593c4a8) 
thrown [s\src\hotspot\share\prims\jni.cpp, line 520]
Event: 7.228 Thread 0x000001e798833d10 Exception <a 'sun/nio/fs/WindowsException'{0x00000000d593ce28}> (0x00000000d593ce28) 
thrown [s\src\hotspot\share\prims\jni.cpp, line 520]
Event: 7.228 Thread 0x000001e798833d10 Exception <a 'sun/nio/fs/WindowsException'{0x00000000d593d458}> (0x00000000d593d458) 
thrown [s\src\hotspot\share\prims\jni.cpp, line 520]
Event: 7.229 Thread 0x000001e798833d10 Exception <a 'sun/nio/fs/WindowsException'{0x00000000d593e9f0}> (0x00000000d593e9f0) 
thrown [s\src\hotspot\share\prims\jni.cpp, line 520]
Event: 7.229 Thread 0x000001e798833d10 Exception <a 'sun/nio/fs/WindowsException'{0x00000000d593f020}> (0x00000000d593f020) 
thrown [s\src\hotspot\share\prims\jni.cpp, line 520]
Event: 7.231 Thread 0x000001e798833d10 Exception <a 'java/lang/NoSuchMethodError'{0x00000000d5a96ef0}: 'void java.lang.invoke.DirectMethodHandle$Holder.invokeVirtual(java.lang.Object, java.lang.Object, java.lang.Object, java.lang.Object)'> (0x00000000d5a96ef0) 
thrown [s\src\hotspot\share\interpreter\linkResolver.cpp, line 773]
Event: 7.412 Thread 0x000001e79bfbb140 Exception <a 'java/lang/NoSuchMethodError'{0x00000000d688b708}: 'java.lang.Object java.lang.invoke.DirectMethodHandle$Holder.invokeVirtual(java.lang.Object, java.lang.Object, java.lang.Object, java.lang.Object, java.lang.Object, java.lang.Object)'> (0x00000000d688b708) 
thrown [s\src\hotspot\share\interpreter\linkResolver.cpp, line 773]
Event: 7.469 Thread 0x000001e79bfbb140 Exception <a 'java/lang/NoSuchMethodError'{0x00000000d57eb3a8}: 'java.lang.Object java.lang.invoke.DirectMethodHandle$Holder.invokeVirtual(java.lang.Object, java.lang.Object, java.lang.Object, java.lang.Object, java.lang.Object, java.lang.Object, java.lang.Object)'> (0x00000000d57eb3a8) 
thrown [s\src\hotspot\share\interpreter\linkResolver.cpp, line 773]
Event: 7.494 Thread 0x000001e79bfbb140 Exception <a 'java/lang/NoSuchMethodError'{0x00000000d59e0b28}: 'java.lang.Object java.lang.invoke.DirectMethodHandle$Holder.invokeVirtual(java.lang.Object, java.lang.Object, java.lang.Object, java.lang.Object, java.lang.Object, java.lang.Object, java.lang.Object, java.lang.Object, java.lang.Object, java.lang.Object, java.lang.Object)'> (0x00000000d59e0b28) 
thrown [s\src\hotspot\share\interpreter\linkResolver.cpp, line 773]
Event: 7.499 Thread 0x000001e79bfbb140 Exception <a 'java/lang/NoSuchMethodError'{0x00000000d5a318b0}: 'java.lang.Object java.lang.invoke.DirectMethodHandle$Holder.invokeStatic(java.lang.Object, java.lang.Object, java.lang.Object, java.lang.Object, java.lang.Object, java.lang.Object, java.lang.Object, java.lang.Object, java.lang.Object, java.lang.Object, java.lang.Object, java.lang.Object, java.lang.Object)'> (0x00000000d5a318b0) 
thrown [s\src\hotspot\share\interpreter\linkResolver.cpp, line 773]

ZGC Phase Switch (0 events):
No events

VM Operations (20 events):
Event: 5.919 Executing VM operation: ParallelGCFailedAllocation (Allocation Failure)
Event: 5.922 Executing VM operation: ParallelGCFailedAllocation (Allocation Failure) done
Event: 6.172 Executing VM operation: ParallelGCFailedAllocation (Allocation Failure)
Event: 6.176 Executing VM operation: ParallelGCFailedAllocation (Allocation Failure) done
Event: 6.386 Executing VM operation: ParallelGCFailedAllocation (Allocation Failure)
Event: 6.389 Executing VM operation: ParallelGCFailedAllocation (Allocation Failure) done
Event: 6.463 Executing VM operation: HandshakeAllThreads (Deoptimize)
Event: 6.463 Executing VM operation: HandshakeAllThreads (Deoptimize) done
Event: 6.619 Executing VM operation: ParallelGCFailedAllocation (Allocation Failure)
Event: 6.621 Executing VM operation: ParallelGCFailedAllocation (Allocation Failure) done
Event: 6.946 Executing VM operation: ParallelGCFailedAllocation (Allocation Failure)
Event: 6.949 Executing VM operation: ParallelGCFailedAllocation (Allocation Failure) done
Event: 7.216 Executing VM operation: ParallelGCFailedAllocation (Allocation Failure)
Event: 7.218 Executing VM operation: ParallelGCFailedAllocation (Allocation Failure) done
Event: 7.398 Executing VM operation: HandshakeAllThreads (Deoptimize)
Event: 7.398 Executing VM operation: HandshakeAllThreads (Deoptimize) done
Event: 7.445 Executing VM operation: ParallelGCFailedAllocation (Allocation Failure)
Event: 7.446 Executing VM operation: ParallelGCFailedAllocation (Allocation Failure) done
Event: 7.531 Executing VM operation: HandshakeAllThreads (Deoptimize)
Event: 7.531 Executing VM operation: HandshakeAllThreads (Deoptimize) done

Memory protections (0 events):
No events

Nmethod flushes (20 events):
Event: 4.978 Thread 0x000001e73a050b10 flushing  nmethod 0x000001e73d7b3510
Event: 4.978 Thread 0x000001e73a050b10 flushing  nmethod 0x000001e73d7b3c90
Event: 4.978 Thread 0x000001e73a050b10 flushing  nmethod 0x000001e73d7b5210
Event: 4.978 Thread 0x000001e73a050b10 flushing  nmethod 0x000001e73d7b5610
Event: 4.978 Thread 0x000001e73a050b10 flushing  nmethod 0x000001e73d7b5f10
Event: 4.978 Thread 0x000001e73a050b10 flushing  nmethod 0x000001e73d7b7c10
Event: 4.978 Thread 0x000001e73a050b10 flushing  nmethod 0x000001e73d7b8090
Event: 4.978 Thread 0x000001e73a050b10 flushing  nmethod 0x000001e73d7ba210
Event: 4.978 Thread 0x000001e73a050b10 flushing  nmethod 0x000001e73d7ba710
Event: 4.978 Thread 0x000001e73a050b10 flushing  nmethod 0x000001e73d7bb690
Event: 4.978 Thread 0x000001e73a050b10 flushing  nmethod 0x000001e73d7bb990
Event: 4.978 Thread 0x000001e73a050b10 flushing  nmethod 0x000001e73d7c5490
Event: 4.978 Thread 0x000001e73a050b10 flushing  nmethod 0x000001e73d7e4010
Event: 4.978 Thread 0x000001e73a050b10 flushing  nmethod 0x000001e73d7f5790
Event: 4.978 Thread 0x000001e73a050b10 flushing  nmethod 0x000001e73d7f8c90
Event: 4.978 Thread 0x000001e73a050b10 flushing  nmethod 0x000001e73d7fc610
Event: 4.978 Thread 0x000001e73a050b10 flushing  nmethod 0x000001e73d84dc90
Event: 4.978 Thread 0x000001e73a050b10 flushing  nmethod 0x000001e73d84f090
Event: 4.978 Thread 0x000001e73a050b10 flushing  nmethod 0x000001e73d86d190
Event: 4.978 Thread 0x000001e73a050b10 flushing  nmethod 0x000001e73d880890

Events (20 events):
Event: 5.042 Thread 0x000001e739fb1370 Thread added: 0x000001e79ab3e150
Event: 5.042 Thread 0x000001e739fb1370 Thread added: 0x000001e79ab3ee70
Event: 5.043 Thread 0x000001e739fb1370 Thread added: 0x000001e79ab3c080
Event: 5.043 Thread 0x000001e739fb1370 Thread added: 0x000001e79ab3c710
Event: 5.043 Thread 0x000001e739fb1370 Thread added: 0x000001e79ab3dac0
Event: 5.043 Thread 0x000001e739fb1370 Thread added: 0x000001e79ab3cda0
Event: 5.044 Thread 0x000001e739fb1370 Thread added: 0x000001e79bfbaab0
Event: 5.063 Thread 0x000001e739fb1370 Thread added: 0x000001e79bfb7cc0
Event: 5.074 Thread 0x000001e79ab3d430 Thread added: 0x000001e79bfb8350
Event: 5.109 Thread 0x000001e79ab3d430 Thread added: 0x000001e79bfba420
Event: 5.291 Thread 0x000001e739fb1370 Thread added: 0x000001e79bfb9070
Event: 5.291 Thread 0x000001e739fb1370 Thread added: 0x000001e79bfb6280
Event: 5.435 Thread 0x000001e79ab3d430 Thread added: 0x000001e79bfbb140
Event: 7.245 Thread 0x000001e798833d10 Thread added: 0x000001e79bfb89e0
Event: 7.248 Thread 0x000001e798833d10 Thread added: 0x000001e79bfbbe60
Event: 7.636 Thread 0x000001e79bfbbe60 Thread exited: 0x000001e79bfbbe60
Event: 7.636 Thread 0x000001e79bfbb140 Thread exited: 0x000001e79bfbb140
Event: 7.648 Thread 0x000001e798833d10 Thread added: 0x000001e79bfb9d90
Event: 7.650 Thread 0x000001e79ab3d430 Thread added: 0x000001e79bfbb140
Event: 7.651 Thread 0x000001e798833d10 Thread added: 0x000001e79bfbbe60


Dynamic libraries:
0x00007ff7d4250000 - 0x00007ff7d425e000 	c:\Users\Naufal\.vscode\extensions\redhat.java-1.50.0-win32-x64\jre\21.0.9-win32-x86_64\bin\java.exe
0x00007ff9b6250000 - 0x00007ff9b6467000 	C:\WINDOWS\SYSTEM32\ntdll.dll
0x00007ff9b54e0000 - 0x00007ff9b55a4000 	C:\WINDOWS\System32\KERNEL32.DLL
0x00007ff9b3600000 - 0x00007ff9b39d2000 	C:\WINDOWS\System32\KERNELBASE.dll
0x00007ff9b34b0000 - 0x00007ff9b35c1000 	C:\WINDOWS\System32\ucrtbase.dll
0x00007ff9a0ff0000 - 0x00007ff9a1008000 	c:\Users\Naufal\.vscode\extensions\redhat.java-1.50.0-win32-x64\jre\21.0.9-win32-x86_64\bin\jli.dll
0x00007ff9b3ee0000 - 0x00007ff9b4091000 	C:\WINDOWS\System32\USER32.dll
0x00007ff9b35d0000 - 0x00007ff9b35f6000 	C:\WINDOWS\System32\win32u.dll
0x00007ff9b5e50000 - 0x00007ff9b5e79000 	C:\WINDOWS\System32\GDI32.dll
0x00007ff9b3d80000 - 0x00007ff9b3ea3000 	C:\WINDOWS\System32\gdi32full.dll
0x00007ff9b3aa0000 - 0x00007ff9b3b3a000 	C:\WINDOWS\System32\msvcp_win.dll
0x00007ff9aae20000 - 0x00007ff9aae3e000 	c:\Users\Naufal\.vscode\extensions\redhat.java-1.50.0-win32-x64\jre\21.0.9-win32-x86_64\bin\VCRUNTIME140.dll
0x00007ff9b2520000 - 0x00007ff9b27bb000 	C:\WINDOWS\WinSxS\amd64_microsoft.windows.common-controls_6595b64144ccf1df_6.0.22621.5547_none_27104afb73855772\COMCTL32.dll
0x00007ff9b6150000 - 0x00007ff9b61f7000 	C:\WINDOWS\System32\msvcrt.dll
0x00007ff9b5d20000 - 0x00007ff9b5d51000 	C:\WINDOWS\System32\IMM32.DLL
0x00007ff9aaeb0000 - 0x00007ff9aaebc000 	c:\Users\Naufal\.vscode\extensions\redhat.java-1.50.0-win32-x64\jre\21.0.9-win32-x86_64\bin\vcruntime140_1.dll
0x00007ff98aea0000 - 0x00007ff98af2d000 	c:\Users\Naufal\.vscode\extensions\redhat.java-1.50.0-win32-x64\jre\21.0.9-win32-x86_64\bin\msvcp140.dll
0x00007ff96b730000 - 0x00007ff96c4d0000 	c:\Users\Naufal\.vscode\extensions\redhat.java-1.50.0-win32-x64\jre\21.0.9-win32-x86_64\bin\server\jvm.dll
0x00007ff9b55b0000 - 0x00007ff9b5661000 	C:\WINDOWS\System32\ADVAPI32.dll
0x00007ff9b49c0000 - 0x00007ff9b4a68000 	C:\WINDOWS\System32\sechost.dll
0x00007ff9b3eb0000 - 0x00007ff9b3ed8000 	C:\WINDOWS\System32\bcrypt.dll
0x00007ff9b53c0000 - 0x00007ff9b54d4000 	C:\WINDOWS\System32\RPCRT4.dll
0x00007ff9b5dd0000 - 0x00007ff9b5e41000 	C:\WINDOWS\System32\WS2_32.dll
0x00007ff9b3210000 - 0x00007ff9b325d000 	C:\WINDOWS\SYSTEM32\POWRPROF.dll
0x00007ff9a6680000 - 0x00007ff9a66b4000 	C:\WINDOWS\SYSTEM32\WINMM.dll
0x00007ff9a9640000 - 0x00007ff9a964a000 	C:\WINDOWS\SYSTEM32\VERSION.dll
0x00007ff9b31f0000 - 0x00007ff9b3203000 	C:\WINDOWS\SYSTEM32\UMPDC.dll
0x00007ff9b1aa0000 - 0x00007ff9b1ab8000 	C:\WINDOWS\SYSTEM32\kernel.appcore.dll
0x00007ff9a0ef0000 - 0x00007ff9a0efa000 	c:\Users\Naufal\.vscode\extensions\redhat.java-1.50.0-win32-x64\jre\21.0.9-win32-x86_64\bin\jimage.dll
0x00007ff9b2bb0000 - 0x00007ff9b2de3000 	C:\WINDOWS\SYSTEM32\DBGHELP.DLL
0x00007ff9b5960000 - 0x00007ff9b5cf3000 	C:\WINDOWS\System32\combase.dll
0x00007ff9b4f80000 - 0x00007ff9b5057000 	C:\WINDOWS\System32\OLEAUT32.dll
0x00007ff9b2aa0000 - 0x00007ff9b2ad2000 	C:\WINDOWS\SYSTEM32\dbgcore.DLL
0x00007ff9b3c80000 - 0x00007ff9b3cfb000 	C:\WINDOWS\System32\bcryptPrimitives.dll
0x00007ff98dd90000 - 0x00007ff98dd9f000 	c:\Users\Naufal\.vscode\extensions\redhat.java-1.50.0-win32-x64\jre\21.0.9-win32-x86_64\bin\instrument.dll
0x00007ff98dba0000 - 0x00007ff98dbc0000 	c:\Users\Naufal\.vscode\extensions\redhat.java-1.50.0-win32-x64\jre\21.0.9-win32-x86_64\bin\java.dll
0x00007ff9b4110000 - 0x00007ff9b49b2000 	C:\WINDOWS\System32\SHELL32.dll
0x00007ff9b3b40000 - 0x00007ff9b3c7f000 	C:\WINDOWS\System32\wintypes.dll
0x00007ff9b0840000 - 0x00007ff9b115d000 	C:\WINDOWS\SYSTEM32\windows.storage.dll
0x00007ff9b5060000 - 0x00007ff9b516c000 	C:\WINDOWS\System32\SHCORE.dll
0x00007ff9b5d60000 - 0x00007ff9b5dc9000 	C:\WINDOWS\System32\shlwapi.dll
0x00007ff9b3270000 - 0x00007ff9b329b000 	C:\WINDOWS\SYSTEM32\profapi.dll
0x00007ff98ccb0000 - 0x00007ff98ccc8000 	c:\Users\Naufal\.vscode\extensions\redhat.java-1.50.0-win32-x64\jre\21.0.9-win32-x86_64\bin\zip.dll
0x00007ff995750000 - 0x00007ff995760000 	C:\Users\Naufal\.vscode\extensions\redhat.java-1.50.0-win32-x64\jre\21.0.9-win32-x86_64\bin\net.dll
0x00007ff9a9890000 - 0x00007ff9a99bc000 	C:\WINDOWS\SYSTEM32\WINHTTP.dll
0x00007ff9b1f40000 - 0x00007ff9b1fa9000 	C:\WINDOWS\system32\mswsock.dll
0x00007ff98b1b0000 - 0x00007ff98b1c6000 	C:\Users\Naufal\.vscode\extensions\redhat.java-1.50.0-win32-x64\jre\21.0.9-win32-x86_64\bin\nio.dll
0x00007ff98daf0000 - 0x00007ff98db00000 	c:\Users\Naufal\.vscode\extensions\redhat.java-1.50.0-win32-x64\jre\21.0.9-win32-x86_64\bin\verify.dll
0x00007ff96f290000 - 0x00007ff96f2d4000 	C:\Users\Naufal\AppData\Roaming\Code\User\globalStorage\redhat.java\1.50.0\config_win\org.eclipse.equinox.launcher\org.eclipse.equinox.launcher.win32.win32.x86_64_1.2.1400.v20250801-0854\eclipse_11916.dll
0x00007ff9b5220000 - 0x00007ff9b53c0000 	C:\WINDOWS\System32\ole32.dll
0x00007ff9b2ef0000 - 0x00007ff9b2f0b000 	C:\WINDOWS\SYSTEM32\CRYPTSP.dll
0x00007ff9b1ac0000 - 0x00007ff9b1af7000 	C:\WINDOWS\system32\rsaenh.dll
0x00007ff9b2030000 - 0x00007ff9b2058000 	C:\WINDOWS\SYSTEM32\USERENV.dll
0x00007ff9b2190000 - 0x00007ff9b219c000 	C:\WINDOWS\SYSTEM32\CRYPTBASE.dll
0x00007ff9b15a0000 - 0x00007ff9b15cd000 	C:\WINDOWS\SYSTEM32\IPHLPAPI.DLL
0x00007ff9b40a0000 - 0x00007ff9b40a9000 	C:\WINDOWS\System32\NSI.dll
0x00007ff96f240000 - 0x00007ff96f289000 	C:\Users\Naufal\AppData\Local\Temp\jna--1968725297\jna3225678696330678767.dll
0x00007ff9b5670000 - 0x00007ff9b5678000 	C:\WINDOWS\System32\PSAPI.DLL
0x00007ff9a7dc0000 - 0x00007ff9a7dd9000 	C:\WINDOWS\SYSTEM32\dhcpcsvc6.DLL
0x00007ff9a6660000 - 0x00007ff9a667f000 	C:\WINDOWS\SYSTEM32\dhcpcsvc.DLL
0x00007ff99f1d0000 - 0x00007ff99f1f7000 	C:\Users\Naufal\.gradle\native\1def1411415f61bf3af743bc5b6707747c0891f09f0c88961ee8f79bc544acac\windows-amd64\native-platform.dll
0x00007ff98e980000 - 0x00007ff98e98a000 	C:\Users\Naufal\.vscode\extensions\redhat.java-1.50.0-win32-x64\jre\21.0.9-win32-x86_64\bin\management.dll
0x00007ff98e7b0000 - 0x00007ff98e7bc000 	C:\Users\Naufal\.vscode\extensions\redhat.java-1.50.0-win32-x64\jre\21.0.9-win32-x86_64\bin\management_ext.dll

JVMTI agents:
c:\Users\Naufal\.vscode\extensions\redhat.java-1.50.0-win32-x64\lombok\lombok-1.18.39-4050.jar path:c:\Users\Naufal\.vscode\extensions\redhat.java-1.50.0-win32-x64\jre\21.0.9-win32-x86_64\bin\instrument.dll, loaded, initialized, instrumentlib options:none

dbghelp: loaded successfully - version: 4.0.5 - missing functions: none
symbol engine: initialized successfully - sym options: 0x614 - pdb path: .;c:\Users\Naufal\.vscode\extensions\redhat.java-1.50.0-win32-x64\jre\21.0.9-win32-x86_64\bin;C:\WINDOWS\SYSTEM32;C:\WINDOWS\WinSxS\amd64_microsoft.windows.common-controls_6595b64144ccf1df_6.0.22621.5547_none_27104afb73855772;c:\Users\Naufal\.vscode\extensions\redhat.java-1.50.0-win32-x64\jre\21.0.9-win32-x86_64\bin\server;C:\Users\Naufal\AppData\Roaming\Code\User\globalStorage\redhat.java\1.50.0\config_win\org.eclipse.equinox.launcher\org.eclipse.equinox.launcher.win32.win32.x86_64_1.2.1400.v20250801-0854;C:\Users\Naufal\AppData\Local\Temp\jna--1968725297;C:\Users\Naufal\.gradle\native\1def1411415f61bf3af743bc5b6707747c0891f09f0c88961ee8f79bc544acac\windows-amd64

VM Arguments:
jvm_args: --add-modules=ALL-SYSTEM --add-opens=java.base/java.util=ALL-UNNAMED --add-opens=java.base/java.lang=ALL-UNNAMED --add-opens=java.base/sun.nio.fs=ALL-UNNAMED -Declipse.application=org.eclipse.jdt.ls.core.id1 -Dosgi.bundles.defaultStartLevel=4 -Declipse.product=org.eclipse.jdt.ls.core.product -Djava.import.generatesMetadataFilesAtProjectRoot=false -DDetectVMInstallationsJob.disabled=true -Dfile.encoding=utf8 -XX:+UseParallelGC -XX:GCTimeRatio=4 -XX:AdaptiveSizePolicyWeight=90 -Dsun.zip.disableMemoryMapping=true -Xmx2G -Xms100m -Xlog:disable -javaagent:c:\Users\Naufal\.vscode\extensions\redhat.java-1.50.0-win32-x64\lombok\lombok-1.18.39-4050.jar -XX:+HeapDumpOnOutOfMemoryError -XX:HeapDumpPath=c:\Users\Naufal\AppData\Roaming\Code\User\workspaceStorage\c5267e938d33b4d800b9af154a92ace5\redhat.java -Daether.dependencyCollector.impl=bf 
java_command: c:\Users\Naufal\.vscode\extensions\redhat.java-1.50.0-win32-x64\server\plugins\org.eclipse.equinox.launcher_1.7.100.v20251111-0406.jar -configuration c:\Users\Naufal\AppData\Roaming\Code\User\globalStorage\redhat.java\1.50.0\config_win -data c:\Users\Naufal\AppData\Roaming\Code\User\workspaceStorage\c5267e938d33b4d800b9af154a92ace5\redhat.java\jdt_ws --pipe=\\.\pipe\lsp-621ae2ee0ac1ce7948ef3ac948c98014-sock
java_class_path (initial): c:\Users\Naufal\.vscode\extensions\redhat.java-1.50.0-win32-x64\server\plugins\org.eclipse.equinox.launcher_1.7.100.v20251111-0406.jar
Launcher Type: SUN_STANDARD

[Global flags]
    uintx AdaptiveSizePolicyWeight                 = 90                                        {product} {command line}
     intx CICompilerCount                          = 4                                         {product} {ergonomic}
    uintx GCTimeRatio                              = 4                                         {product} {command line}
     bool HeapDumpOnOutOfMemoryError               = true                                   {manageable} {command line}
    ccstr HeapDumpPath                             = c:\Users\Naufal\AppData\Roaming\Code\User\workspaceStorage\c5267e938d33b4d800b9af154a92ace5\redhat.java         {manageable} {command line}
   size_t InitialHeapSize                          = 104857600                                 {product} {command line}
   size_t MaxHeapSize                              = 2147483648                                {product} {command line}
   size_t MaxNewSize                               = 715653120                                 {product} {ergonomic}
   size_t MinHeapDeltaBytes                        = 524288                                    {product} {ergonomic}
   size_t MinHeapSize                              = 104857600                                 {product} {command line}
   size_t NewSize                                  = 34603008                                  {product} {ergonomic}
    uintx NonNMethodCodeHeapSize                   = 5839372                                {pd product} {ergonomic}
    uintx NonProfiledCodeHeapSize                  = 122909434                              {pd product} {ergonomic}
   size_t OldSize                                  = 70254592                                  {product} {ergonomic}
    uintx ProfiledCodeHeapSize                     = 122909434                              {pd product} {ergonomic}
    uintx ReservedCodeCacheSize                    = 251658240                              {pd product} {ergonomic}
     bool SegmentedCodeCache                       = true                                      {product} {ergonomic}
   size_t SoftMaxHeapSize                          = 2147483648                             {manageable} {ergonomic}
     bool UseCompressedOops                        = true                           {product lp64_product} {ergonomic}
     bool UseLargePagesIndividualAllocation        = false                                  {pd product} {ergonomic}
     bool UseParallelGC                            = true                                      {product} {command line}

Logging:
Log output configuration:
 #0: stdout all=off uptime,level,tags foldmultilines=false
 #1: stderr all=off uptime,level,tags foldmultilines=false

Release file:
JAVA_VERSION="21.0.9" 
MODULES="java.base java.compiler java.datatransfer java.xml java.prefs java.desktop java.instrument java.logging java.management java.security.sasl java.naming java.rmi java.management.rmi java.net.http java.scripting java.security.jgss java.transaction.xa java.sql java.sql.rowset java.xml.crypto java.se java.smartcardio jdk.accessibility jdk.internal.jvmstat jdk.attach jdk.charsets jdk.internal.opt jdk.zipfs jdk.compiler jdk.crypto.ec jdk.crypto.cryptoki jdk.crypto.mscapi jdk.dynalink jdk.internal.ed jdk.editpad jdk.hotspot.agent jdk.httpserver jdk.internal.le jdk.internal.vm.ci jdk.internal.vm.compiler jdk.internal.vm.compiler.management jdk.jartool jdk.javadoc jdk.jcmd jdk.management jdk.management.agent jdk.jconsole jdk.jdeps jdk.jdwp.agent jdk.jdi jdk.jfr jdk.jshell jdk.jsobject jdk.jstatd jdk.localedata jdk.management.jfr jdk.naming.dns jdk.naming.rmi jdk.net jdk.nio.mapmode jdk.random jdk.sctp jdk.security.auth jdk.security.jgss jdk.unsupported jdk.unsupported.desktop jdk.xml.dom" 

Environment Variables:
PATH=C:\Program Files\Common Files\Oracle\Java\javapath;C:\WINDOWS\system32;C:\WINDOWS;C:\WINDOWS\System32\Wbem;C:\WINDOWS\System32\WindowsPowerShell\v1.0\;C:\WINDOWS\System32\OpenSSH\;C:\ProgramData\ComposerSetup\bin;C:\laragon\bin\php\php-8.3.130nts-Win32-vs16-x64;C:\Program Files\Git\cmd;C:\Program Files\mosquitto;C:\Users\Naufal\OneDrive\Documents\flutter\bin;C:\Users\Naufal\AppData\Local\Android\sdk\platform-tools;C:\laragon\bin;C:\laragon\bin\apache\httpd-2.4.54-win64-VS16\bin;C:\laragon\bin\composer;C:\laragon\bin\git\bin;C:\laragon\bin\git\cmd;C:\laragon\bin\git\mingw64\bin;C:\laragon\bin\git\usr\bin;C:\laragon\bin\laragon\utils;C:\laragon\bin\mysql\mysql-8.0.30-winx64\bin;C:\laragon\bin\nginx\nginx-1.22.0;C:\laragon\bin\ngrok;C:\laragon\bin\nodejs\node-v18;C:\laragon\bin\notepad++;C:\laragon\bin\php\php-8.3.130nts-Win32-vs16-x64;C:\laragon\bin\python\python-3.10;C:\laragon\bin\python\python-3.10\Scripts;C:\laragon\bin\redis\redis-x64-5.0.14.1;C:\laragon\bin\telnet;C:\laragon\usr\bin;C:\Users\Naufal\AppData\Local\Yarn\config\global\node_modules\.bin;C:\Users\Naufal\AppData\Roaming\Composer\vendor\bin;C:\Users\Naufal\AppData\Roaming\npm;C:\Users\Naufal\AppData\Local\Programs\Python\Python312\Scripts\;C:\Users\Naufal\AppData\Local\Programs\Python\Python312\;C:\Users\Naufal\AppData\Local\Programs\Python\Launcher\;C:\Users\Naufal\AppData\Local\Microsoft\WindowsApps;C:\Users\Naufal\AppData\Local\Programs\Microsoft VS Code\bin;C:\Users\Naufal\AppData\Local\Microsoft\WindowsApps;C:\Users\Naufal\AppData\Local\GitHubDesktop\bin;C:\Program Files\JetBrains\PyCharm Community Edition 2024.3.4\bin;;C:\Users\Naufal\Downloads\Compressed\chromedriver-win64;
USERNAME=Naufal
OS=Windows_NT
PROCESSOR_IDENTIFIER=Intel64 Family 6 Model 140 Stepping 1, GenuineIntel
TMP=C:\Users\Naufal\AppData\Local\Temp
TEMP=C:\Users\Naufal\AppData\Local\Temp




Periodic native trim disabled

---------------  S Y S T E M  ---------------

OS:
 Windows 11 , 64 bit Build 22621 (10.0.22621.5415)
OS uptime: 0 days 0:15 hours

CPU: total 8 (initial active 8) (4 cores per cpu, 2 threads per core) family 6 model 140 stepping 1 microcode 0xbc, cx8, cmov, fxsr, ht, mmx, 3dnowpref, sse, sse2, sse3, ssse3, sse4.1, sse4.2, popcnt, lzcnt, tsc, tscinvbit, avx, avx2, aes, erms, clmul, bmi1, bmi2, adx, avx512f, avx512dq, avx512cd, avx512bw, avx512vl, sha, fma, vzeroupper, avx512_vpopcntdq, avx512_vpclmulqdq, avx512_vaes, avx512_vnni, clflush, clflushopt, clwb, avx512_vbmi2, avx512_vbmi, rdtscp, rdpid, fsrm, gfni, avx512_bitalg, f16c, pku, cet_ibt, cet_ss, avx512_ifma
Processor Information for the first 8 processors :
  Max Mhz: 2419, Current Mhz: 2419, Mhz Limit: 2419

Memory: 4k page, system-wide physical 16112M (4320M free)
TotalPageFile size 17904M (AvailPageFile size 4352M)
current process WorkingSet (physical memory assigned to process): 263M, peak: 263M
current process commit charge ("private bytes"): 371M, peak: 374M

vm_info: OpenJDK 64-Bit Server VM (21.0.9+10-LTS) for windows-amd64 JRE (21.0.9+10-LTS), built on 2025-10-21T00:00:00Z by "admin" with unknown MS VC++:1942

END.
